<?xml version="1.0" encoding="UTF-8"?>
<!-- Generated by org.testng.reporters.JUnitXMLReporter -->
<testsuite hostname="Idris" name="Test" tests="3" failures="0" timestamp="24 Nov 2013 09:52:49 GMT" time="73.11" errors="0">
  <testcase name="testAt_CreateCustomerValid" time="18.51" classname="com.actitime.module2.At_CreateCustomerValid"/>
  <testcase name="testAt_DeleteCreatedCustomer" time="17.762" classname="com.actitime.module2.At_DeleteCreatedCustomer"/>
  <testcase name="testAt_CreateCustomer_Invalid" time="14.21" classname="com.actitime.module2.At_CreateCustomer_Invalid"/>
</testsuite> <!-- Test -->
