<?xml version="1.0" encoding="UTF-8"?>
<testng-results skipped="0" failed="0" total="5" passed="5">
  <reporter-output>
    <line>
      <![CDATA[Opened in GC]]>
    </line>
    <line>
      <![CDATA[Opening the app]]>
    </line>
    <line>
      <![CDATA[Expected title actiTIME - Enter Time-Track matches with actiTIME - Enter Time-Track actual title]]>
    </line>
    <line>
      <![CDATA[Expected title actiTIME - Login matches with actiTIME - Login actual title]]>
    </line>
    <line>
      <![CDATA[Closing the app, browser]]>
    </line>
    <line>
      <![CDATA[Opened in GC]]>
    </line>
    <line>
      <![CDATA[Opening the app]]>
    </line>
    <line>
      <![CDATA[Expected text Username or Password is invalid. Please try again. matches with Username or Password is invalid. Please try again. actual text]]>
    </line>
    <line>
      <![CDATA[Closing the app, browser]]>
    </line>
    <line>
      <![CDATA[Opened in GC]]>
    </line>
    <line>
      <![CDATA[Opening the app]]>
    </line>
    <line>
      <![CDATA[Expected title actiTIME - Enter Time-Track matches with actiTIME - Enter Time-Track actual title]]>
    </line>
    <line>
      <![CDATA[Expected text Customer "CustomerA" has been successfully created. matches with Customer "CustomerA" has been successfully created. actual text]]>
    </line>
    <line>
      <![CDATA[Expected title actiTIME - Login matches with actiTIME - Login actual title]]>
    </line>
    <line>
      <![CDATA[Closing the app, browser]]>
    </line>
    <line>
      <![CDATA[Opened in GC]]>
    </line>
    <line>
      <![CDATA[Opening the app]]>
    </line>
    <line>
      <![CDATA[Expected title actiTIME - Enter Time-Track matches with actiTIME - Enter Time-Track actual title]]>
    </line>
    <line>
      <![CDATA[Expected text Customer has been successfully deleted. matches with Customer has been successfully deleted. actual text]]>
    </line>
    <line>
      <![CDATA[Expected title actiTIME - Login matches with actiTIME - Login actual title]]>
    </line>
    <line>
      <![CDATA[Closing the app, browser]]>
    </line>
    <line>
      <![CDATA[Opened in GC]]>
    </line>
    <line>
      <![CDATA[Opening the app]]>
    </line>
    <line>
      <![CDATA[Expected title actiTIME - Enter Time-Track matches with actiTIME - Enter Time-Track actual title]]>
    </line>
    <line>
      <![CDATA[Expected text All fields marked with * must be filled in. Please specify: Customer Name. matches with All fields marked with * must be filled in. Please specify: Customer Name. actual text]]>
    </line>
    <line>
      <![CDATA[Closing the app, browser]]>
    </line>
  </reporter-output>
  <suite name="CreateCustomerSuite" duration-ms="73110" started-at="2013-11-24T09:51:36Z" finished-at="2013-11-24T09:52:49Z">
    <groups>
    </groups>
    <test name="Test" duration-ms="73110" started-at="2013-11-24T09:51:36Z" finished-at="2013-11-24T09:52:49Z">
      <class name="com.actitime.module2.At_CreateCustomerValid">
        <test-method status="PASS" signature="preCondition()[pri:0, instance:com.actitime.module2.At_CreateCustomerValid@53b2df13]" name="preCondition" is-config="true" duration-ms="5906" started-at="2013-11-24T15:21:36Z" finished-at="2013-11-24T15:21:42Z">
          <reporter-output>
            <line>
              <![CDATA[Opened in GC]]>
            </line>
            <line>
              <![CDATA[Opening the app]]>
            </line>
          </reporter-output>
        </test-method> <!-- preCondition -->
        <test-method status="PASS" signature="testAt_CreateCustomerValid()[pri:0, instance:com.actitime.module2.At_CreateCustomerValid@53b2df13]" name="testAt_CreateCustomerValid" duration-ms="18510" started-at="2013-11-24T15:21:42Z" finished-at="2013-11-24T15:22:01Z">
          <reporter-output>
            <line>
              <![CDATA[Expected title actiTIME - Enter Time-Track matches with actiTIME - Enter Time-Track actual title]]>
            </line>
            <line>
              <![CDATA[Expected text Customer "CustomerA" has been successfully created. matches with Customer "CustomerA" has been successfully created. actual text]]>
            </line>
            <line>
              <![CDATA[Expected title actiTIME - Login matches with actiTIME - Login actual title]]>
            </line>
          </reporter-output>
        </test-method> <!-- testAt_CreateCustomerValid -->
        <test-method status="PASS" signature="postCondition()[pri:0, instance:com.actitime.module2.At_CreateCustomerValid@53b2df13]" name="postCondition" is-config="true" duration-ms="1693" started-at="2013-11-24T15:22:01Z" finished-at="2013-11-24T15:22:02Z">
          <reporter-output>
            <line>
              <![CDATA[Closing the app, browser]]>
            </line>
          </reporter-output>
        </test-method> <!-- postCondition -->
      </class> <!-- com.actitime.module2.At_CreateCustomerValid -->
      <class name="com.actitime.module2.At_CreateCustomer_Invalid">
        <test-method status="PASS" signature="preCondition()[pri:0, instance:com.actitime.module2.At_CreateCustomer_Invalid@5ba78787]" name="preCondition" is-config="true" duration-ms="5999" started-at="2013-11-24T15:22:28Z" finished-at="2013-11-24T15:22:34Z">
          <reporter-output>
            <line>
              <![CDATA[Opened in GC]]>
            </line>
            <line>
              <![CDATA[Opening the app]]>
            </line>
          </reporter-output>
        </test-method> <!-- preCondition -->
        <test-method status="PASS" signature="testAt_CreateCustomer_Invalid()[pri:0, instance:com.actitime.module2.At_CreateCustomer_Invalid@5ba78787]" name="testAt_CreateCustomer_Invalid" duration-ms="14210" started-at="2013-11-24T15:22:34Z" finished-at="2013-11-24T15:22:48Z">
          <reporter-output>
            <line>
              <![CDATA[Expected title actiTIME - Enter Time-Track matches with actiTIME - Enter Time-Track actual title]]>
            </line>
            <line>
              <![CDATA[Expected text All fields marked with * must be filled in. Please specify: Customer Name. matches with All fields marked with * must be filled in. Please specify: Customer Name. actual text]]>
            </line>
          </reporter-output>
        </test-method> <!-- testAt_CreateCustomer_Invalid -->
        <test-method status="PASS" signature="postCondition()[pri:0, instance:com.actitime.module2.At_CreateCustomer_Invalid@5ba78787]" name="postCondition" is-config="true" duration-ms="1628" started-at="2013-11-24T15:22:48Z" finished-at="2013-11-24T15:22:49Z">
          <reporter-output>
            <line>
              <![CDATA[Closing the app, browser]]>
            </line>
          </reporter-output>
        </test-method> <!-- postCondition -->
      </class> <!-- com.actitime.module2.At_CreateCustomer_Invalid -->
      <class name="com.actitime.module2.At_DeleteCreatedCustomer">
        <test-method status="PASS" signature="preCondition()[pri:0, instance:com.actitime.module2.At_DeleteCreatedCustomer@2d5d9805]" name="preCondition" is-config="true" duration-ms="5772" started-at="2013-11-24T15:22:02Z" finished-at="2013-11-24T15:22:08Z">
          <reporter-output>
            <line>
              <![CDATA[Opened in GC]]>
            </line>
            <line>
              <![CDATA[Opening the app]]>
            </line>
          </reporter-output>
        </test-method> <!-- preCondition -->
        <test-method status="PASS" signature="testAt_DeleteCreatedCustomer()[pri:0, instance:com.actitime.module2.At_DeleteCreatedCustomer@2d5d9805]" name="testAt_DeleteCreatedCustomer" duration-ms="17762" started-at="2013-11-24T15:22:08Z" finished-at="2013-11-24T15:22:26Z">
          <reporter-output>
            <line>
              <![CDATA[Expected title actiTIME - Enter Time-Track matches with actiTIME - Enter Time-Track actual title]]>
            </line>
            <line>
              <![CDATA[Expected text Customer has been successfully deleted. matches with Customer has been successfully deleted. actual text]]>
            </line>
            <line>
              <![CDATA[Expected title actiTIME - Login matches with actiTIME - Login actual title]]>
            </line>
          </reporter-output>
        </test-method> <!-- testAt_DeleteCreatedCustomer -->
        <test-method status="PASS" signature="postCondition()[pri:0, instance:com.actitime.module2.At_DeleteCreatedCustomer@2d5d9805]" name="postCondition" is-config="true" duration-ms="1624" started-at="2013-11-24T15:22:26Z" finished-at="2013-11-24T15:22:28Z">
          <reporter-output>
            <line>
              <![CDATA[Closing the app, browser]]>
            </line>
          </reporter-output>
        </test-method> <!-- postCondition -->
      </class> <!-- com.actitime.module2.At_DeleteCreatedCustomer -->
    </test> <!-- Test -->
  </suite> <!-- CreateCustomerSuite -->
  <suite name="LoginSuite" duration-ms="25895" started-at="2013-11-24T09:51:10Z" finished-at="2013-11-24T09:51:36Z">
    <groups>
    </groups>
    <test name="Test" duration-ms="25895" started-at="2013-11-24T09:51:10Z" finished-at="2013-11-24T09:51:36Z">
      <class name="com.actitime.module1.At_LoginValid">
        <test-method status="PASS" signature="preCondition()[pri:0, instance:com.actitime.module1.At_LoginValid@675dd521]" name="preCondition" is-config="true" duration-ms="6849" started-at="2013-11-24T15:21:10Z" finished-at="2013-11-24T15:21:17Z">
          <reporter-output>
            <line>
              <![CDATA[Opened in GC]]>
            </line>
            <line>
              <![CDATA[Opening the app]]>
            </line>
          </reporter-output>
        </test-method> <!-- preCondition -->
        <test-method status="PASS" signature="testAt_LoginValid()[pri:0, instance:com.actitime.module1.At_LoginValid@675dd521]" name="testAt_LoginValid" duration-ms="7567" started-at="2013-11-24T15:21:17Z" finished-at="2013-11-24T15:21:25Z">
          <reporter-output>
            <line>
              <![CDATA[Expected title actiTIME - Enter Time-Track matches with actiTIME - Enter Time-Track actual title]]>
            </line>
            <line>
              <![CDATA[Expected title actiTIME - Login matches with actiTIME - Login actual title]]>
            </line>
          </reporter-output>
        </test-method> <!-- testAt_LoginValid -->
        <test-method status="PASS" signature="postCondition()[pri:0, instance:com.actitime.module1.At_LoginValid@675dd521]" name="postCondition" is-config="true" duration-ms="1619" started-at="2013-11-24T15:21:25Z" finished-at="2013-11-24T15:21:26Z">
          <reporter-output>
            <line>
              <![CDATA[Closing the app, browser]]>
            </line>
          </reporter-output>
        </test-method> <!-- postCondition -->
      </class> <!-- com.actitime.module1.At_LoginValid -->
      <class name="com.actitime.module1.At_LoginInvalid">
        <test-method status="PASS" signature="preCondition()[pri:0, instance:com.actitime.module1.At_LoginInvalid@549470b7]" name="preCondition" is-config="true" duration-ms="4941" started-at="2013-11-24T15:21:26Z" finished-at="2013-11-24T15:21:31Z">
          <reporter-output>
            <line>
              <![CDATA[Opened in GC]]>
            </line>
            <line>
              <![CDATA[Opening the app]]>
            </line>
          </reporter-output>
        </test-method> <!-- preCondition -->
        <test-method status="PASS" signature="testAt_LoginInvalid()[pri:0, instance:com.actitime.module1.At_LoginInvalid@549470b7]" name="testAt_LoginInvalid" duration-ms="3324" started-at="2013-11-24T15:21:31Z" finished-at="2013-11-24T15:21:35Z">
          <reporter-output>
            <line>
              <![CDATA[Expected text Username or Password is invalid. Please try again. matches with Username or Password is invalid. Please try again. actual text]]>
            </line>
          </reporter-output>
        </test-method> <!-- testAt_LoginInvalid -->
        <test-method status="PASS" signature="postCondition()[pri:0, instance:com.actitime.module1.At_LoginInvalid@549470b7]" name="postCondition" is-config="true" duration-ms="1577" started-at="2013-11-24T15:21:35Z" finished-at="2013-11-24T15:21:36Z">
          <reporter-output>
            <line>
              <![CDATA[Closing the app, browser]]>
            </line>
          </reporter-output>
        </test-method> <!-- postCondition -->
      </class> <!-- com.actitime.module1.At_LoginInvalid -->
    </test> <!-- Test -->
  </suite> <!-- LoginSuite -->
  <suite name="All Suites" duration-ms="0" started-at="2013-11-24T09:52:50Z" finished-at="2013-11-24T09:52:50Z">
    <groups>
    </groups>
  </suite> <!-- All Suites -->
</testng-results>
